2025-11-12 09:28:47 - INFO - [general] - Smart Home Logger initialized
2025-11-12 09:28:47 - INFO - [general] - Starting Smart Home Simulation Application
2025-11-12 09:28:47 - INFO - [general] - Simulation engine initialized
2025-11-12 09:28:58 - INFO - [general] - Loaded template: Custom House
2025-11-12 09:28:58 - INFO - [general] - Application GUI initialized successfully
2025-11-12 09:29:14 - INFO - [general] - Added sensor: temperature_sensor (temperature)
2025-11-12 09:29:14 - INFO - [general] - Added new sensor: temperature_sensor (temperature)
2025-11-12 10:13:00 - INFO - [general] - Smart Home Logger initialized
2025-11-12 10:13:00 - INFO - [general] - Starting Smart Home Simulation Application
2025-11-12 10:13:00 - INFO - [general] - Simulation engine initialized
2025-11-12 10:13:09 - INFO - [general] - Added sensor: Living Room Temp (temperature)
2025-11-12 10:13:09 - INFO - [general] - Added sensor: Bedroom Temp (temperature)
2025-11-12 10:13:09 - INFO - [general] - Added sensor: Living Room Motion (motion)
2025-11-12 10:13:09 - INFO - [general] - Added sensor: Hallway Motion (motion)
2025-11-12 10:13:09 - INFO - [general] - Added sensor: Front Door (door_window)
2025-11-12 10:13:09 - INFO - [general] - Added sensor: Back Door (door_window)
2025-11-12 10:13:09 - INFO - [general] - Added sensor: Kitchen Smoke (smoke)
2025-11-12 10:13:09 - INFO - [general] - Added sensor: Hallway Smoke (smoke)
2025-11-12 10:13:09 - INFO - [general] - Loaded template: Family House
2025-11-12 10:13:09 - INFO - [general] - Application GUI initialized successfully
2025-11-12 10:16:40 - INFO - [general] - Smart Home Logger initialized
2025-11-12 10:22:26 - INFO - [general] - Smart Home Logger initialized
2025-11-12 10:22:26 - INFO - [general] - Starting Smart Home Simulation Application
2025-11-12 10:22:26 - INFO - [general] - Simulation engine initialized
2025-11-12 10:22:35 - INFO - [general] - Added sensor: Living Room Temp (temperature)
2025-11-12 10:22:35 - INFO - [general] - Added sensor: Bedroom Temp (temperature)
2025-11-12 10:22:35 - INFO - [general] - Added sensor: Living Room Motion (motion)
2025-11-12 10:22:35 - INFO - [general] - Added sensor: Hallway Motion (motion)
2025-11-12 10:22:36 - INFO - [general] - Added sensor: Front Door (door_window)
2025-11-12 10:22:36 - INFO - [general] - Added sensor: Kitchen Smoke Detector (smoke)
2025-11-12 10:22:36 - INFO - [general] - Added sensor: Living Room Light Sensor (light)
2025-11-12 10:22:36 - INFO - [general] - Loaded template: Family House
2025-11-12 10:22:36 - INFO - [general] - Application GUI initialized successfully
2025-11-12 10:26:48 - INFO - [general] - Smart Home Logger initialized
2025-11-12 10:26:48 - INFO - [general] - Starting Smart Home Simulation Application
2025-11-12 10:26:48 - INFO - [general] - Simulation engine initialized
2025-11-12 10:26:55 - INFO - [general] - Added sensor: Living Room Temp (temperature)
2025-11-12 10:26:55 - INFO - [general] - Added sensor: Bedroom Temp (temperature)
2025-11-12 10:26:55 - INFO - [general] - Added sensor: Living Room Motion (motion)
2025-11-12 10:26:55 - INFO - [general] - Added sensor: Hallway Motion (motion)
2025-11-12 10:26:55 - INFO - [general] - Added sensor: Front Door (door_window)
2025-11-12 10:26:55 - INFO - [general] - Added sensor: Kitchen Smoke Detector (smoke)
2025-11-12 10:26:55 - INFO - [general] - Added sensor: Living Room Light Sensor (light)
2025-11-12 10:26:55 - INFO - [general] - Loaded template: Family House
2025-11-12 10:26:55 - INFO - [general] - Application GUI initialized successfully
2025-11-12 10:29:43 - INFO - [general] - Smart Home Logger initialized
2025-11-12 10:29:43 - INFO - [general] - Starting Smart Home Simulation Application
2025-11-12 10:29:43 - INFO - [general] - Simulation engine initialized
2025-11-12 10:29:50 - INFO - [general] - Added sensor: Living Room Temp (temperature)
2025-11-12 10:29:50 - INFO - [general] - Added sensor: Bedroom Temp (temperature)
2025-11-12 10:29:50 - INFO - [general] - Added sensor: Living Room Motion (motion)
2025-11-12 10:29:50 - INFO - [general] - Added sensor: Hallway Motion (motion)
2025-11-12 10:29:50 - INFO - [general] - Added sensor: Front Door (door_window)
2025-11-12 10:29:50 - INFO - [general] - Added sensor: Kitchen Smoke Detector (smoke)
2025-11-12 10:29:50 - INFO - [general] - Added sensor: Living Room Light Sensor (light)
2025-11-12 10:29:50 - INFO - [general] - Loaded template: Family House
2025-11-12 10:29:50 - INFO - [general] - Application GUI initialized successfully
2025-11-12 10:33:57 - INFO - [general] - Smart Home Logger initialized
2025-11-12 10:33:57 - INFO - [general] - Starting Smart Home Simulation Application
2025-11-12 10:33:57 - INFO - [general] - Simulation engine initialized
2025-11-12 10:34:05 - INFO - [general] - Added sensor: Living Room Temp (temperature)
2025-11-12 10:34:05 - INFO - [general] - Added sensor: Bedroom Temp (temperature)
2025-11-12 10:34:05 - INFO - [general] - Added sensor: Living Room Motion (motion)
2025-11-12 10:34:05 - INFO - [general] - Added sensor: Hallway Motion (motion)
2025-11-12 10:34:05 - INFO - [general] - Added sensor: Front Door (door_window)
2025-11-12 10:34:05 - INFO - [general] - Added sensor: Kitchen Smoke Detector (smoke)
2025-11-12 10:34:05 - INFO - [general] - Added sensor: Living Room Light Sensor (light)
2025-11-12 10:34:05 - INFO - [general] - Loaded template: Family House
2025-11-12 10:34:05 - INFO - [general] - Application GUI initialized successfully
2025-11-12 10:34:42 - INFO - [general] - Smart Home Logger initialized
2025-11-12 10:34:42 - INFO - [general] - Starting Smart Home Simulation Application
2025-11-12 10:34:42 - INFO - [general] - Simulation engine initialized
2025-11-12 10:34:48 - INFO - [general] - Added sensor: Living Room Temp (temperature)
2025-11-12 10:34:48 - INFO - [general] - Added sensor: Bedroom Temp (temperature)
2025-11-12 10:34:48 - INFO - [general] - Added sensor: Living Room Motion (motion)
2025-11-12 10:34:48 - INFO - [general] - Added sensor: Hallway Motion (motion)
2025-11-12 10:34:48 - INFO - [general] - Added sensor: Front Door (door_window)
2025-11-12 10:34:48 - INFO - [general] - Added sensor: Kitchen Smoke Detector (smoke)
2025-11-12 10:34:48 - INFO - [general] - Added sensor: Living Room Light Sensor (light)
2025-11-12 10:34:48 - INFO - [general] - Loaded template: Family House
2025-11-12 10:34:48 - INFO - [general] - Application GUI initialized successfully
2025-11-12 10:35:15 - INFO - [general] - Smart Home Logger initialized
2025-11-12 10:35:45 - INFO - [general] - Smart Home Logger initialized
2025-11-12 10:35:45 - INFO - [general] - Simulation engine initialized
2025-11-12 10:35:45 - INFO - [general] - Attempting to load image: resources/images/houses/3bedroom001.jpg
2025-11-12 10:35:45 - INFO - [general] - Full image path: C:\Users\v-mziadeh\OneDrive\Documents\AI-Master\IoT\Project\smart_home_sim\resources/images/houses/3bedroom001.jpg
2025-11-12 10:35:45 - INFO - [general] - Image opened successfully - size: (1024, 1024)
2025-11-12 10:35:45 - INFO - [general] - Image resized to: (600, 600)
2025-11-12 10:41:16 - INFO - [general] - Smart Home Logger initialized
2025-11-12 10:41:16 - INFO - [general] - Starting Smart Home Simulation Application
2025-11-12 10:41:16 - INFO - [general] - Simulation engine initialized
2025-11-12 10:41:22 - INFO - [general] - Added sensor: Living Room Temp (temperature)
2025-11-12 10:41:22 - INFO - [general] - Added sensor: Bedroom Temp (temperature)
2025-11-12 10:41:22 - INFO - [general] - Added sensor: Living Room Motion (motion)
2025-11-12 10:41:22 - INFO - [general] - Added sensor: Hallway Motion (motion)
2025-11-12 10:41:22 - INFO - [general] - Added sensor: Front Door (door_window)
2025-11-12 10:41:22 - INFO - [general] - Added sensor: Kitchen Smoke Detector (smoke)
2025-11-12 10:41:22 - INFO - [general] - Added sensor: Living Room Light Sensor (light)
2025-11-12 10:41:22 - INFO - [general] - Loaded template: Family House
2025-11-12 10:41:22 - INFO - [general] - Application GUI initialized successfully
2025-11-12 10:47:27 - INFO - [general] - Smart Home Logger initialized
2025-11-12 10:47:27 - INFO - [general] - Starting Smart Home Simulation Application
2025-11-12 10:47:27 - INFO - [general] - Simulation engine initialized
2025-11-12 10:47:33 - INFO - [general] - Added sensor: Living Room Temp (temperature)
2025-11-12 10:47:33 - INFO - [general] - Added sensor: Bedroom Temp (temperature)
2025-11-12 10:47:33 - INFO - [general] - Added sensor: Living Room Motion (motion)
2025-11-12 10:47:33 - INFO - [general] - Added sensor: Hallway Motion (motion)
2025-11-12 10:47:33 - INFO - [general] - Added sensor: Front Door (door_window)
2025-11-12 10:47:33 - INFO - [general] - Added sensor: Kitchen Smoke Detector (smoke)
2025-11-12 10:47:33 - INFO - [general] - Added sensor: Living Room Light Sensor (light)
2025-11-12 10:47:33 - INFO - [general] - Loaded template: Family House
2025-11-12 10:47:33 - INFO - [general] - Application GUI initialized successfully
2025-11-12 10:53:43 - INFO - [general] - Smart Home Logger initialized
2025-11-12 10:53:43 - INFO - [general] - Starting Smart Home Simulation Application
2025-11-12 10:53:43 - INFO - [general] - Simulation engine initialized
2025-11-12 10:53:50 - INFO - [general] - Added sensor: Living Room Temp (temperature)
2025-11-12 10:53:50 - INFO - [general] - Added sensor: Bedroom Temp (temperature)
2025-11-12 10:53:50 - INFO - [general] - Added sensor: Living Room Motion (motion)
2025-11-12 10:53:50 - INFO - [general] - Added sensor: Hallway Motion (motion)
2025-11-12 10:53:50 - INFO - [general] - Added sensor: Front Door (door_window)
2025-11-12 10:53:50 - INFO - [general] - Added sensor: Kitchen Smoke Detector (smoke)
2025-11-12 10:53:50 - INFO - [general] - Added sensor: Living Room Light Sensor (light)
2025-11-12 10:53:50 - INFO - [general] - Loaded template: Family House
2025-11-12 10:53:50 - INFO - [general] - Application GUI initialized successfully
2025-11-12 11:01:38 - INFO - [general] - Smart Home Logger initialized
2025-11-12 11:02:28 - INFO - [general] - Smart Home Logger initialized
2025-11-12 11:02:57 - INFO - [general] - Smart Home Logger initialized
2025-11-12 11:02:58 - INFO - [general] - Loading template: Family House
2025-11-12 11:02:58 - INFO - [general] - Template has image: resources/images/houses/3bedroom001.jpg
2025-11-12 11:02:58 - INFO - [general] - Attempting to load image: resources/images/houses/3bedroom001.jpg
2025-11-12 11:02:58 - INFO - [general] - Full image path: C:\Users\v-mziadeh\OneDrive\Documents\AI-Master\IoT\Project\smart_home_sim\resources/images/houses/3bedroom001.jpg
2025-11-12 11:02:58 - INFO - [general] - Image opened successfully - size: (1024, 1024)
2025-11-12 11:02:58 - INFO - [general] - Image resized to: (600, 600)
2025-11-12 11:02:58 - INFO - [general] - Background image loaded - skipping architectural drawing
2025-11-12 11:02:58 - INFO - [general] - Background image created with ID: 15
2025-11-12 11:02:58 - INFO - [general] - Canvas has 1 items total
2025-11-12 11:02:58 - INFO - [general] - Canvas has 1 background items
2025-11-12 11:02:58 - INFO - [general] - Background image state: normal
2025-11-12 11:02:58 - INFO - [general] - Background image coordinates: [400.0, 300.0]
2025-11-12 11:02:58 - INFO - [general] - PhotoImage reference exists
2025-11-12 11:04:34 - INFO - [general] - Smart Home Logger initialized
2025-11-12 11:04:34 - INFO - [general] - Starting Smart Home Simulation Application
2025-11-12 11:04:34 - INFO - [general] - Simulation engine initialized
2025-11-12 11:04:39 - INFO - [general] - Added sensor: Living Room Temp (temperature)
2025-11-12 11:04:39 - INFO - [general] - Added sensor: Bedroom Temp (temperature)
2025-11-12 11:04:39 - INFO - [general] - Added sensor: Living Room Motion (motion)
2025-11-12 11:04:39 - INFO - [general] - Added sensor: Hallway Motion (motion)
2025-11-12 11:04:39 - INFO - [general] - Added sensor: Front Door (door_window)
2025-11-12 11:04:39 - INFO - [general] - Added sensor: Kitchen Smoke Detector (smoke)
2025-11-12 11:04:39 - INFO - [general] - Added sensor: Living Room Light Sensor (light)
2025-11-12 11:04:39 - INFO - [general] - Loaded template: Family House
2025-11-12 11:04:39 - INFO - [general] - Application GUI initialized successfully
2025-11-12 11:07:59 - INFO - [general] - Smart Home Logger initialized
2025-11-12 11:08:00 - INFO - [general] - Loading template: Family House
2025-11-12 11:08:00 - INFO - [general] - Template has image: resources/images/houses/3bedroom001.jpg
2025-11-12 11:08:00 - INFO - [general] - Attempting to load image: resources/images/houses/3bedroom001.jpg
2025-11-12 11:08:00 - INFO - [general] - Full image path: C:\Users\v-mziadeh\OneDrive\Documents\AI-Master\IoT\Project\smart_home_sim\resources/images/houses/3bedroom001.jpg
2025-11-12 11:08:00 - INFO - [general] - Image opened successfully - size: (1024, 1024)
2025-11-12 11:08:00 - INFO - [general] - Background image loaded - skipping architectural drawing
2025-11-12 11:08:00 - INFO - [general] - Background image created with ID: 15
2025-11-12 11:08:00 - INFO - [general] - Canvas has 1 items total
2025-11-12 11:08:00 - INFO - [general] - Canvas has 1 background items
2025-11-12 11:08:00 - INFO - [general] - Background image state: normal
2025-11-12 11:08:00 - INFO - [general] - Background image coordinates: [445.0, 327.0]
2025-11-12 11:08:00 - INFO - [general] - PhotoImage reference exists
2025-11-12 11:08:38 - INFO - [general] - Smart Home Logger initialized
2025-11-12 11:08:38 - INFO - [general] - Loading template: Family House
2025-11-12 11:08:38 - INFO - [general] - Template has image: resources/images/houses/3bedroom001.jpg
2025-11-12 11:08:38 - INFO - [general] - Attempting to load image: resources/images/houses/3bedroom001.jpg
2025-11-12 11:08:38 - INFO - [general] - Full image path: C:\Users\v-mziadeh\OneDrive\Documents\AI-Master\IoT\Project\smart_home_sim\resources/images/houses/3bedroom001.jpg
2025-11-12 11:08:38 - INFO - [general] - Image opened successfully - size: (1024, 1024)
2025-11-12 11:08:38 - INFO - [general] - Background image loaded - skipping architectural drawing
2025-11-12 11:08:38 - INFO - [general] - Background image created with ID: 15
2025-11-12 11:08:38 - INFO - [general] - Canvas has 1 items total
2025-11-12 11:08:38 - INFO - [general] - Canvas has 1 background items
2025-11-12 11:08:38 - INFO - [general] - Background image state: normal
2025-11-12 11:08:38 - INFO - [general] - Background image coordinates: [445.0, 327.0]
2025-11-12 11:08:38 - INFO - [general] - PhotoImage reference exists
2025-11-12 11:09:10 - INFO - [general] - Smart Home Logger initialized
2025-11-12 11:09:10 - INFO - [general] - Starting Smart Home Simulation Application
2025-11-12 11:09:10 - INFO - [general] - Simulation engine initialized
2025-11-12 11:09:18 - INFO - [general] - Added sensor: Living Room Temp (temperature)
2025-11-12 11:09:18 - INFO - [general] - Added sensor: Bedroom Temp (temperature)
2025-11-12 11:09:18 - INFO - [general] - Added sensor: Living Room Motion (motion)
2025-11-12 11:09:18 - INFO - [general] - Added sensor: Hallway Motion (motion)
2025-11-12 11:09:18 - INFO - [general] - Added sensor: Front Door (door_window)
2025-11-12 11:09:18 - INFO - [general] - Added sensor: Kitchen Smoke Detector (smoke)
2025-11-12 11:09:18 - INFO - [general] - Added sensor: Living Room Light Sensor (light)
2025-11-12 11:09:18 - INFO - [general] - Loaded template: Family House
2025-11-12 11:09:18 - INFO - [general] - Application GUI initialized successfully
2025-11-12 12:29:40 - INFO - [general] - Smart Home Logger initialized
2025-11-12 12:29:40 - INFO - [general] - Starting Smart Home Simulation Application
2025-11-12 12:29:40 - INFO - [general] - Simulation engine initialized
2025-11-12 12:29:47 - INFO - [general] - Added sensor: Main Temperature (temperature)
2025-11-12 12:29:47 - INFO - [general] - Added sensor: Entry Motion (motion)
2025-11-12 12:29:47 - INFO - [general] - Added sensor: Main Door (door_window)
2025-11-12 12:29:47 - INFO - [general] - Loaded template: Studio Apartment
2025-11-12 12:29:47 - INFO - [general] - Attempting to load image: resources/images/houses/2bedroom001.jpg
2025-11-12 12:29:47 - INFO - [general] - Full image path: C:\Users\v-mziadeh\OneDrive\Documents\AI-Master\IoT\Project\smart_home_sim\resources/images/houses/2bedroom001.jpg
2025-11-12 12:29:47 - INFO - [general] - Image opened successfully - size: (1024, 1024)
2025-11-12 12:29:47 - INFO - [general] - Background image loaded - skipping architectural drawing
2025-11-12 12:29:47 - INFO - [general] - Application GUI initialized successfully
2025-11-12 12:34:46 - INFO - [general] - Smart Home Logger initialized
2025-11-12 12:34:46 - INFO - [general] - Starting Smart Home Simulation Application
2025-11-12 12:34:46 - INFO - [general] - Simulation engine initialized
2025-11-12 12:34:51 - INFO - [general] - Added sensor: Living Room Temp (temperature)
2025-11-12 12:34:51 - INFO - [general] - Added sensor: Bedroom Temp (temperature)
2025-11-12 12:34:51 - INFO - [general] - Added sensor: Living Room Motion (motion)
2025-11-12 12:34:51 - INFO - [general] - Added sensor: Hallway Motion (motion)
2025-11-12 12:34:51 - INFO - [general] - Added sensor: Front Door (door_window)
2025-11-12 12:34:51 - INFO - [general] - Added sensor: Kitchen Smoke Detector (smoke)
2025-11-12 12:34:51 - INFO - [general] - Added sensor: Living Room Light Sensor (light)
2025-11-12 12:34:51 - INFO - [general] - Loaded template: Family House
2025-11-12 12:34:51 - INFO - [general] - Attempting to load image: resources/images/houses/3bedroom001.jpg
2025-11-12 12:34:51 - INFO - [general] - Full image path: C:\Users\v-mziadeh\OneDrive\Documents\AI-Master\IoT\Project\smart_home_sim\resources/images/houses/3bedroom001.jpg
2025-11-12 12:34:51 - INFO - [general] - Image opened successfully - size: (1024, 1024)
2025-11-12 12:34:51 - INFO - [general] - Background image loaded - skipping architectural drawing
2025-11-12 12:34:51 - INFO - [general] - Application GUI initialized successfully
2025-11-12 12:35:30 - INFO - [general] - Added sensor: Main Temperature (temperature)
2025-11-12 12:35:30 - INFO - [general] - Added sensor: Entry Motion (motion)
2025-11-12 12:35:30 - INFO - [general] - Added sensor: Main Door (door_window)
2025-11-12 12:35:30 - INFO - [general] - Loaded template: Studio Apartment
2025-11-12 12:35:30 - INFO - [general] - Attempting to load image: resources/images/houses/2bedroom001.jpg
2025-11-12 12:35:30 - INFO - [general] - Full image path: C:\Users\v-mziadeh\OneDrive\Documents\AI-Master\IoT\Project\smart_home_sim\resources/images/houses/2bedroom001.jpg
2025-11-12 12:35:30 - INFO - [general] - Image opened successfully - size: (1024, 1024)
2025-11-12 12:35:30 - INFO - [general] - Background image loaded - skipping architectural drawing
2025-11-12 12:42:10 - INFO - [general] - Smart Home Logger initialized
2025-11-12 12:42:11 - INFO - [general] - Loading template: Family House
2025-11-12 12:42:11 - INFO - [general] - Template has image: resources/images/houses/3bedroom001.jpg
2025-11-12 12:42:11 - INFO - [general] - Attempting to load image: resources/images/houses/3bedroom001.jpg
2025-11-12 12:42:11 - INFO - [general] - Full image path: C:\Users\v-mziadeh\OneDrive\Documents\AI-Master\IoT\Project\smart_home_sim\resources/images/houses/3bedroom001.jpg
2025-11-12 12:42:11 - INFO - [general] - Image opened successfully - size: (1024, 1024)
2025-11-12 12:42:11 - INFO - [general] - Background image loaded - skipping architectural drawing
2025-11-12 12:42:11 - INFO - [general] - Background image created with ID: 1
2025-11-12 12:42:11 - INFO - [general] - Canvas has 1 items total
2025-11-12 12:42:11 - INFO - [general] - Canvas has 1 background items
2025-11-12 12:42:11 - INFO - [general] - Background image state: normal
2025-11-12 12:42:11 - INFO - [general] - Background image coordinates: [445.0, 327.0]
2025-11-12 12:42:11 - INFO - [general] - PhotoImage reference exists
2025-11-12 12:42:11 - INFO - [general] - Added sensor Living Room Temp to home view at (200, 150)
2025-11-12 12:42:11 - INFO - [general] - Added sensor Front Door Motion to home view at (400, 100)
2025-11-12 12:42:11 - INFO - [general] - Added sensor Main Door Sensor to home view at (350, 300)
2025-11-12 12:42:11 - INFO - [general] - Added sensor Kitchen Smoke to home view at (500, 400)
2025-11-12 12:42:17 - INFO - [general] - Sensor Living Room Temp moved to position (609, 162)
2025-11-12 12:42:20 - INFO - [general] - Sensor Front Door Motion moved to position (251, 327)
2025-11-12 12:42:22 - INFO - [general] - Sensor Front Door Motion moved to position (208, 86)
2025-11-12 12:42:26 - INFO - [general] - Sensor Living Room Temp moved to position (717, 41)
2025-11-12 12:42:28 - INFO - [general] - Sensor Living Room Temp moved to position (323, 81)
2025-11-12 12:42:36 - INFO - [general] - Sensor Living Room Temp moved to position (315, 348)
